0 info it worked if it ends with ok
1 verbose cli [ '/Users/ledoux/.nvm/versions/node/v6.0.0/bin/node',
1 verbose cli   '/Users/ledoux/.nvm/versions/node/v6.0.0/bin/npm',
1 verbose cli   'publish' ]
2 info using npm@3.8.6
3 info using node@v6.0.0
4 verbose publish [ '.' ]
5 silly cache add args [ '.', null ]
6 verbose cache add spec .
7 silly cache add parsed spec Result {
7 silly cache add   raw: '.',
7 silly cache add   scope: null,
7 silly cache add   name: null,
7 silly cache add   rawSpec: '.',
7 silly cache add   spec: '/Users/ledoux/Documents/Git/snipsco/teleport-flask-webrouter',
7 silly cache add   type: 'directory' }
8 verbose addLocalDirectory /Users/ledoux/.npm/teleport-flask-webrouter/0.0.29/package.tgz not in flight; packing
9 verbose correctMkdir /Users/ledoux/.npm correctMkdir not in flight; initializing
10 info lifecycle teleport-flask-webrouter@0.0.29~prepublish: teleport-flask-webrouter@0.0.29
11 silly lifecycle teleport-flask-webrouter@0.0.29~prepublish: no script for prepublish, continuing
12 verbose tar pack [ '/Users/ledoux/.npm/teleport-flask-webrouter/0.0.29/package.tgz',
12 verbose tar pack   '/Users/ledoux/Documents/Git/snipsco/teleport-flask-webrouter' ]
13 verbose tarball /Users/ledoux/.npm/teleport-flask-webrouter/0.0.29/package.tgz
14 verbose folder /Users/ledoux/Documents/Git/snipsco/teleport-flask-webrouter
15 verbose addLocalTarball adding from inside cache /Users/ledoux/.npm/teleport-flask-webrouter/0.0.29/package.tgz
16 verbose correctMkdir /Users/ledoux/.npm correctMkdir not in flight; initializing
17 silly cache afterAdd teleport-flask-webrouter@0.0.29
18 verbose afterAdd /Users/ledoux/.npm/teleport-flask-webrouter/0.0.29/package/package.json not in flight; writing
19 verbose correctMkdir /Users/ledoux/.npm correctMkdir not in flight; initializing
20 verbose afterAdd /Users/ledoux/.npm/teleport-flask-webrouter/0.0.29/package/package.json written
21 silly publish { name: 'teleport-flask-webrouter',
21 silly publish   publishConfig: { registry: 'https://npm-registry.corp.snips.net' },
21 silly publish   version: '0.0.29',
21 silly publish   readme: '# teleport-flask-webrouter\n',
21 silly publish   readmeFilename: 'README.md',
21 silly publish   gitHead: 'a1e5b2d6c0d72857acd83628ff9e5480cc0a8cf0',
21 silly publish   description: '',
21 silly publish   _id: 'teleport-flask-webrouter@0.0.29',
21 silly publish   scripts: {},
21 silly publish   _shasum: 'a132eb4643204028f43f733122a6be6b0f1234a8',
21 silly publish   _from: '.' }
22 verbose getPublishConfig { registry: 'https://npm-registry.corp.snips.net' }
23 silly mapToRegistry name teleport-flask-webrouter
24 silly mapToRegistry using default registry
25 silly mapToRegistry registry https://npm-registry.corp.snips.net
26 silly mapToRegistry data Result {
26 silly mapToRegistry   raw: 'teleport-flask-webrouter',
26 silly mapToRegistry   scope: null,
26 silly mapToRegistry   name: 'teleport-flask-webrouter',
26 silly mapToRegistry   rawSpec: '',
26 silly mapToRegistry   spec: 'latest',
26 silly mapToRegistry   type: 'tag' }
27 silly mapToRegistry uri https://npm-registry.corp.snips.net/teleport-flask-webrouter
28 verbose publish registryBase https://npm-registry.corp.snips.net/
29 silly publish uploading /Users/ledoux/.npm/teleport-flask-webrouter/0.0.29/package.tgz
30 verbose request uri https://npm-registry.corp.snips.net/teleport-flask-webrouter
31 verbose request sending authorization for write operation
32 info attempt registry request try #1 at 3:06:29 PM
33 verbose request using bearer token for auth
34 verbose request id 8d70168ed252681f
35 http request PUT https://npm-registry.corp.snips.net/teleport-flask-webrouter
36 http 409 https://npm-registry.corp.snips.net/teleport-flask-webrouter
37 verbose headers { server: 'nginx/1.10.1',
37 verbose headers   date: 'Thu, 24 Nov 2016 14:06:30 GMT',
37 verbose headers   'content-type': 'application/json; charset=utf-8',
37 verbose headers   'content-length': '49',
37 verbose headers   connection: 'keep-alive',
37 verbose headers   'x-powered-by': 'Sinopia/1.4.0',
37 verbose headers   vary: 'Accept-Encoding',
37 verbose headers   'x-status-cat': 'http://flic.kr/p/aV6jzz',
37 verbose headers   'access-control-allow-origin': '*' }
38 verbose request invalidating /Users/ledoux/.npm/npm-registry.corp.snips.net/teleport-flask-webrouter on PUT
39 verbose request uri https://npm-registry.corp.snips.net/teleport-flask-webrouter?write=true
40 verbose request no auth needed
41 info attempt registry request try #1 at 3:06:30 PM
42 verbose request using bearer token for auth
43 http request GET https://npm-registry.corp.snips.net/teleport-flask-webrouter?write=true
44 http 200 https://npm-registry.corp.snips.net/teleport-flask-webrouter?write=true
45 verbose headers { server: 'nginx/1.10.1',
45 verbose headers   date: 'Thu, 24 Nov 2016 14:06:30 GMT',
45 verbose headers   'content-type': 'application/json; charset=utf-8',
45 verbose headers   'transfer-encoding': 'chunked',
45 verbose headers   connection: 'keep-alive',
45 verbose headers   'x-powered-by': 'Sinopia/1.4.0',
45 verbose headers   etag: '"b69359582a202c78594934af35c123ec"',
45 verbose headers   vary: 'Accept-Encoding',
45 verbose headers   'content-encoding': 'gzip',
45 verbose headers   'x-status-cat': 'http://flic.kr/p/aVuVsF',
45 verbose headers   'access-control-allow-origin': '*' }
46 verbose stack Error: cannot modify pre-existing version
46 verbose stack     at conflictError (/Users/ledoux/.nvm/versions/node/v6.0.0/lib/node_modules/npm/node_modules/npm-registry-client/lib/publish.js:182:11)
46 verbose stack     at CachingRegistryClient.putNext (/Users/ledoux/.nvm/versions/node/v6.0.0/lib/node_modules/npm/node_modules/npm-registry-client/lib/publish.js:145:15)
46 verbose stack     at /Users/ledoux/.nvm/versions/node/v6.0.0/lib/node_modules/npm/node_modules/npm-registry-client/lib/publish.js:128:15
46 verbose stack     at /Users/ledoux/.nvm/versions/node/v6.0.0/lib/node_modules/npm/lib/cache/caching-client.js:53:8
46 verbose stack     at f (/Users/ledoux/.nvm/versions/node/v6.0.0/lib/node_modules/npm/node_modules/once/once.js:17:25)
46 verbose stack     at /Users/ledoux/.nvm/versions/node/v6.0.0/lib/node_modules/npm/node_modules/npm-registry-client/lib/request.js:76:16
46 verbose stack     at f (/Users/ledoux/.nvm/versions/node/v6.0.0/lib/node_modules/npm/node_modules/once/once.js:17:25)
46 verbose stack     at CachingRegistryClient.<anonymous> (/Users/ledoux/.nvm/versions/node/v6.0.0/lib/node_modules/npm/node_modules/npm-registry-client/lib/request.js:259:12)
46 verbose stack     at /Users/ledoux/.nvm/versions/node/v6.0.0/lib/node_modules/npm/node_modules/npm-registry-client/lib/request.js:178:7
46 verbose stack     at Gunzip.onEnd (zlib.js:227:5)
47 verbose pkgid teleport-flask-webrouter
48 verbose cwd /Users/ledoux/Documents/Git/snipsco/teleport-flask-webrouter
49 error Darwin 15.6.0
50 error argv "/Users/ledoux/.nvm/versions/node/v6.0.0/bin/node" "/Users/ledoux/.nvm/versions/node/v6.0.0/bin/npm" "publish"
51 error node v6.0.0
52 error npm  v3.8.6
53 error code EPUBLISHCONFLICT
54 error publish fail Cannot publish over existing version.
55 error publish fail Update the 'version' field in package.json and try again.
56 error publish fail
57 error publish fail To automatically increment version numbers, see:
58 error publish fail npm help version
59 verbose exit [ 1, true ]
